e:\workspace\cg\cgtetris\demotetris\debug\vc140.pdb
e:\workspace\cg\cgtetris\demotetris\debug\vc140.idb
e:\workspace\cg\cgtetris\demotetris\debug\block.obj
e:\workspace\cg\cgtetris\demotetris\debug\board.obj
e:\workspace\cg\cgtetris\demotetris\debug\imageloader.obj
e:\workspace\cg\cgtetris\demotetris\debug\main.obj
e:\workspace\cg\cgtetris\demotetris\debug\modelloader.obj
e:\workspace\cg\cgtetris\demotetris\debug\slot.obj
e:\workspace\cg\cgtetris\demotetris\debug\vec3f.obj
d:\work\year3term1\cg\github\cgtetris\demotetris\debug\cgtetris.ilk
d:\work\year3term1\cg\github\cgtetris\demotetris\debug\cgtetris.exe
d:\work\year3term1\cg\github\cgtetris\demotetris\debug\cgtetris.pdb
e:\workspace\cg\cgtetris\demotetris\debug\cgtetris.ilk
e:\workspace\cg\cgtetris\demotetris\debug\cgtetris.exe
e:\workspace\cg\cgtetris\demotetris\debug\cgtetris.pdb
e:\workspace\cg\cgtetris\demotetris\debug\cgtetris.tlog\cl.command.1.tlog
e:\workspace\cg\cgtetris\demotetris\debug\cgtetris.tlog\cl.read.1.tlog
e:\workspace\cg\cgtetris\demotetris\debug\cgtetris.tlog\cl.write.1.tlog
e:\workspace\cg\cgtetris\demotetris\debug\cgtetris.tlog\link.command.1.tlog
e:\workspace\cg\cgtetris\demotetris\debug\cgtetris.tlog\link.read.1.tlog
e:\workspace\cg\cgtetris\demotetris\debug\cgtetris.tlog\link.write.1.tlog
