  main.cpp
main.cpp(54): warning C4838: conversion from 'double' to 'GLfloat' requires a narrowing conversion
main.cpp(54): warning C4305: 'initializing': truncation from 'double' to 'GLfloat'
main.cpp(57): warning C4838: conversion from 'double' to 'GLfloat' requires a narrowing conversion
main.cpp(57): warning C4305: 'initializing': truncation from 'double' to 'GLfloat'
main.cpp(58): warning C4838: conversion from 'double' to 'GLfloat' requires a narrowing conversion
main.cpp(58): warning C4305: 'initializing': truncation from 'double' to 'GLfloat'
main.cpp(60): warning C4838: conversion from 'double' to 'GLfloat' requires a narrowing conversion
main.cpp(60): warning C4305: 'initializing': truncation from 'double' to 'GLfloat'
main.cpp(78): warning C4244: 'argument': conversion from 'time_t' to 'unsigned int', possible loss of data
main.cpp(304): warning C4129: '/': unrecognized character escape sequence
main.cpp(332): warning C4244: '=': conversion from 'double' to 'float', possible loss of data
main.cpp(371): warning C4244: 'argument': conversion from 'int' to 'GLfloat', possible loss of data
main.cpp(380): warning C4244: 'argument': conversion from 'int' to 'GLfloat', possible loss of data
main.cpp(406): warning C4244: 'argument': conversion from 'int' to 'GLfloat', possible loss of data
main.cpp(407): warning C4244: 'argument': conversion from 'int' to 'GLfloat', possible loss of data
main.cpp(408): warning C4244: 'argument': conversion from 'int' to 'GLfloat', possible loss of data
main.cpp(409): warning C4244: 'argument': conversion from 'int' to 'GLfloat', possible loss of data
main.cpp(410): warning C4244: 'argument': conversion from 'int' to 'GLfloat', possible loss of data
main.cpp(411): warning C4244: 'argument': conversion from 'int' to 'GLfloat', possible loss of data
main.cpp(435): warning C4244: 'argument': conversion from 'int' to 'GLfloat', possible loss of data
main.cpp(436): warning C4244: 'argument': conversion from 'int' to 'GLfloat', possible loss of data
main.cpp(437): warning C4244: 'argument': conversion from 'int' to 'GLfloat', possible loss of data
main.cpp(438): warning C4244: 'argument': conversion from 'int' to 'GLfloat', possible loss of data
main.cpp(464): warning C4244: 'argument': conversion from 'int' to 'GLfloat', possible loss of data
main.cpp(475): warning C4244: 'argument': conversion from 'int' to 'GLfloat', possible loss of data
main.cpp(484): warning C4244: 'argument': conversion from 'int' to 'GLfloat', possible loss of data
main.cpp(486): warning C4305: 'argument': truncation from 'double' to 'GLfloat'
main.cpp(504): warning C4244: 'argument': conversion from 'int' to 'GLfloat', possible loss of data
main.cpp(511): warning C4244: 'argument': conversion from 'int' to 'GLfloat', possible loss of data
main.cpp(602): warning C4305: 'argument': truncation from 'double' to 'GLfloat'
main.cpp(642): warning C4244: '+=': conversion from 'double' to 'float', possible loss of data
main.cpp(643): warning C4244: '+=': conversion from 'double' to 'float', possible loss of data
  CGtetris.vcxproj -> E:\workspace\CG\CGTetris\demotetris\Debug\CGtetris.exe
  CGtetris.vcxproj -> E:\workspace\CG\CGTetris\demotetris\Debug\CGtetris.pdb (Full PDB)
